527:C 02 Sep 19:57:14.581 # Warning: no config file specified, using the default config. In order to specify a config file use redis-server /path/to/redis.conf
527:M 02 Sep 19:57:14.584 * Increased maximum number of open files to 10032 (it was originally set to 256).
527:M 02 Sep 19:57:14.587 # Creating Server TCP listening socket *:6379: bind: Address already in use
2015-09-02T19:57:14.603+0800 [initandlisten] MongoDB starting : pid=526 port=27017 dbpath=/Users/zgm/program/mongodb/data/db 64-bit host=zgmdeMacBook-Air.local
2015-09-02T19:57:14.603+0800 [initandlisten] 
2015-09-02T19:57:14.603+0800 [initandlisten] ** WARNING: soft rlimits too low. Number of files is 256, should be at least 1000
2015-09-02T19:57:14.603+0800 [initandlisten] db version v2.6.7
2015-09-02T19:57:14.603+0800 [initandlisten] git version: a7d57ad27c382de82e9cb93bf983a80fd9ac9899
2015-09-02T19:57:14.603+0800 [initandlisten] build info: Darwin bs-osx-108-x86-64-2.10gen.cc 12.3.0 Darwin Kernel Version 12.3.0: Sun Jan  6 22:37:10 PST 2013; root:xnu-2050.22.13~1/RELEASE_X86_64 x86_64 BOOST_LIB_VERSION=1_49
2015-09-02T19:57:14.603+0800 [initandlisten] allocator: system
2015-09-02T19:57:14.603+0800 [initandlisten] options: { storage: { dbPath: "/Users/zgm/program/mongodb/data/db" } }
2015-09-02T19:57:14.606+0800 [initandlisten] exception in initAndListen: 10310 Unable to lock file: /Users/zgm/program/mongodb/data/db/mongod.lock. Is a mongod instance already running?, terminating
2015-09-02T19:57:14.606+0800 [initandlisten] dbexit: 
2015-09-02T19:57:14.606+0800 [initandlisten] shutdown: going to close listening sockets...
2015-09-02T19:57:14.606+0800 [initandlisten] shutdown: going to flush diaglog...
2015-09-02T19:57:14.606+0800 [initandlisten] shutdown: going to close sockets...
2015-09-02T19:57:14.606+0800 [initandlisten] shutdown: waiting for fs preallocator...
2015-09-02T19:57:14.606+0800 [initandlisten] shutdown: lock for final commit...
2015-09-02T19:57:14.606+0800 [initandlisten] shutdown: final commit...
2015-09-02T19:57:14.606+0800 [initandlisten] shutdown: closing all files...
2015-09-02T19:57:14.606+0800 [initandlisten] closeAllFiles() finished
2015-09-02T19:57:14.606+0800 [initandlisten] dbexit: really exiting now
533:C 02 Sep 19:59:41.530 # Warning: no config file specified, using the default config. In order to specify a config file use redis-server /path/to/redis.conf
533:M 02 Sep 19:59:41.550 * Increased maximum number of open files to 10032 (it was originally set to 256).
533:M 02 Sep 19:59:41.551 # Creating Server TCP listening socket *:6379: bind: Address already in use
2015-09-02T19:59:41.571+0800 [initandlisten] MongoDB starting : pid=532 port=27017 dbpath=/Users/zgm/program/mongodb/data/db 64-bit host=zgmdeMacBook-Air.local
2015-09-02T19:59:41.571+0800 [initandlisten] 
2015-09-02T19:59:41.571+0800 [initandlisten] ** WARNING: soft rlimits too low. Number of files is 256, should be at least 1000
2015-09-02T19:59:41.571+0800 [initandlisten] db version v2.6.7
2015-09-02T19:59:41.571+0800 [initandlisten] git version: a7d57ad27c382de82e9cb93bf983a80fd9ac9899
2015-09-02T19:59:41.571+0800 [initandlisten] build info: Darwin bs-osx-108-x86-64-2.10gen.cc 12.3.0 Darwin Kernel Version 12.3.0: Sun Jan  6 22:37:10 PST 2013; root:xnu-2050.22.13~1/RELEASE_X86_64 x86_64 BOOST_LIB_VERSION=1_49
2015-09-02T19:59:41.571+0800 [initandlisten] allocator: system
2015-09-02T19:59:41.571+0800 [initandlisten] options: { storage: { dbPath: "/Users/zgm/program/mongodb/data/db" } }
2015-09-02T19:59:41.571+0800 [initandlisten] exception in initAndListen: 10310 Unable to lock file: /Users/zgm/program/mongodb/data/db/mongod.lock. Is a mongod instance already running?, terminating
2015-09-02T19:59:41.571+0800 [initandlisten] dbexit: 
2015-09-02T19:59:41.571+0800 [initandlisten] shutdown: going to close listening sockets...
2015-09-02T19:59:41.571+0800 [initandlisten] shutdown: going to flush diaglog...
2015-09-02T19:59:41.572+0800 [initandlisten] shutdown: going to close sockets...
2015-09-02T19:59:41.572+0800 [initandlisten] shutdown: waiting for fs preallocator...
2015-09-02T19:59:41.572+0800 [initandlisten] shutdown: lock for final commit...
2015-09-02T19:59:41.572+0800 [initandlisten] shutdown: final commit...
2015-09-02T19:59:41.572+0800 [initandlisten] shutdown: closing all files...
2015-09-02T19:59:41.574+0800 [initandlisten] closeAllFiles() finished
2015-09-02T19:59:41.574+0800 [initandlisten] dbexit: really exiting now
539:C 02 Sep 20:00:28.044 # Warning: no config file specified, using the default config. In order to specify a config file use redis-server /path/to/redis.conf
539:M 02 Sep 20:00:28.047 * Increased maximum number of open files to 10032 (it was originally set to 256).
539:M 02 Sep 20:00:28.048 # Creating Server TCP listening socket *:6379: bind: Address already in use
2015-09-02T20:00:28.066+0800 [initandlisten] MongoDB starting : pid=538 port=27017 dbpath=/Users/zgm/program/mongodb/data/db 64-bit host=zgmdeMacBook-Air.local
2015-09-02T20:00:28.067+0800 [initandlisten] 
2015-09-02T20:00:28.067+0800 [initandlisten] ** WARNING: soft rlimits too low. Number of files is 256, should be at least 1000
2015-09-02T20:00:28.067+0800 [initandlisten] db version v2.6.7
2015-09-02T20:00:28.067+0800 [initandlisten] git version: a7d57ad27c382de82e9cb93bf983a80fd9ac9899
2015-09-02T20:00:28.067+0800 [initandlisten] build info: Darwin bs-osx-108-x86-64-2.10gen.cc 12.3.0 Darwin Kernel Version 12.3.0: Sun Jan  6 22:37:10 PST 2013; root:xnu-2050.22.13~1/RELEASE_X86_64 x86_64 BOOST_LIB_VERSION=1_49
2015-09-02T20:00:28.067+0800 [initandlisten] allocator: system
2015-09-02T20:00:28.067+0800 [initandlisten] options: { storage: { dbPath: "/Users/zgm/program/mongodb/data/db" } }
2015-09-02T20:00:28.067+0800 [initandlisten] exception in initAndListen: 10310 Unable to lock file: /Users/zgm/program/mongodb/data/db/mongod.lock. Is a mongod instance already running?, terminating
2015-09-02T20:00:28.067+0800 [initandlisten] dbexit: 
2015-09-02T20:00:28.067+0800 [initandlisten] shutdown: going to close listening sockets...
2015-09-02T20:00:28.067+0800 [initandlisten] shutdown: going to flush diaglog...
2015-09-02T20:00:28.067+0800 [initandlisten] shutdown: going to close sockets...
2015-09-02T20:00:28.067+0800 [initandlisten] shutdown: waiting for fs preallocator...
2015-09-02T20:00:28.067+0800 [initandlisten] shutdown: lock for final commit...
2015-09-02T20:00:28.067+0800 [initandlisten] shutdown: final commit...
2015-09-02T20:00:28.067+0800 [initandlisten] shutdown: closing all files...
2015-09-02T20:00:28.067+0800 [initandlisten] closeAllFiles() finished
2015-09-02T20:00:28.067+0800 [initandlisten] dbexit: really exiting now
